<?xml version="1.0" encoding="UTF-8"?>
<!-- Generated by org.testng.reporters.JUnitReportReporter -->
<testsuite skipped="0" hostname="Sapan-MacBook-Air.local" name="RestAssuredPractice.RestAssured.PracticePostCall" tests="1" failures="0" timestamp="28 Dec 2019 10:45:03 GMT" time="2.697" errors="0">
  <testcase name="postCall" time="2.697" classname="RestAssuredPractice.RestAssured.PracticePostCall"/>
</testsuite> <!-- RestAssuredPractice.RestAssured.PracticePostCall -->
