<?xml version="1.0" encoding="UTF-8"?>
<!-- Generated by org.testng.reporters.JUnitReportReporter -->
<testsuite skipped="0" hostname="Sapan-MacBook-Air.local" name="RestAssuredPractice.RestAssured.PracticeGetCall" tests="1" failures="0" timestamp="28 Dec 2019 09:24:06 GMT" time="4.371" errors="0">
  <testcase name="getCall" time="4.371" classname="RestAssuredPractice.RestAssured.PracticeGetCall"/>
</testsuite> <!-- RestAssuredPractice.RestAssured.PracticeGetCall -->
